<?xml version="1.0" encoding="UTF-8"?>
<testng-results ignored="0" total="2" passed="2" failed="0" skipped="0">
  <reporter-output>
  </reporter-output>
  <suite started-at="2019-07-09T09:04:48Z" name="Suite" finished-at="2019-07-09T09:05:24Z" duration-ms="35124">
    <groups>
    </groups>
    <test started-at="2019-07-09T09:04:48Z" name="FirefoxTest" finished-at="2019-07-09T09:05:24Z" duration-ms="35124">
      <class name="TestPackage.TestFunda">
        <test-method is-config="true" signature="login(java.lang.String)[pri:0, instance:TestPackage.TestFunda@4a668b6e]" started-at="2019-07-09T09:04:48Z" name="login" finished-at="2019-07-09T09:04:55Z" duration-ms="6777" status="PASS">
          <params>
            <param index="0">
              <value>
                <![CDATA[Firefox]]>
              </value>
            </param>
          </params>
          <reporter-output>
          </reporter-output>
        </test-method> <!-- login -->
        <test-method signature="Funda()[pri:0, instance:TestPackage.TestFunda@4a668b6e]" started-at="2019-07-09T09:04:55Z" name="Funda" finished-at="2019-07-09T09:05:11Z" duration-ms="15860" status="PASS">
          <reporter-output>
          </reporter-output>
        </test-method> <!-- Funda -->
        <test-method is-config="true" signature="quitBrowser()[pri:0, instance:TestPackage.TestFunda@4a668b6e]" started-at="2019-07-09T09:05:11Z" name="quitBrowser" finished-at="2019-07-09T09:05:13Z" duration-ms="1487" status="PASS">
          <reporter-output>
          </reporter-output>
        </test-method> <!-- quitBrowser -->
        <test-method is-config="true" signature="login(java.lang.String)[pri:0, instance:TestPackage.TestFunda@4a668b6e]" started-at="2019-07-09T09:05:13Z" name="login" finished-at="2019-07-09T09:05:16Z" duration-ms="3303" status="PASS">
          <params>
            <param index="0">
              <value>
                <![CDATA[Firefox]]>
              </value>
            </param>
          </params>
          <reporter-output>
          </reporter-output>
        </test-method> <!-- login -->
        <test-method signature="print()[pri:1, instance:TestPackage.TestFunda@4a668b6e]" started-at="2019-07-09T09:05:16Z" name="print" finished-at="2019-07-09T09:05:22Z" duration-ms="6449" status="PASS">
          <reporter-output>
          </reporter-output>
        </test-method> <!-- print -->
        <test-method is-config="true" signature="quitBrowser()[pri:0, instance:TestPackage.TestFunda@4a668b6e]" started-at="2019-07-09T09:05:22Z" name="quitBrowser" finished-at="2019-07-09T09:05:24Z" duration-ms="1231" status="PASS">
          <reporter-output>
          </reporter-output>
        </test-method> <!-- quitBrowser -->
      </class> <!-- TestPackage.TestFunda -->
    </test> <!-- FirefoxTest -->
  </suite> <!-- Suite -->
</testng-results>
